Using pre-set license
Built from '2020.2/release' branch; Version is '2020.2.2f1 (068178b99f32) revision 426360'; Using compiler version '192528614'; Build Type 'Release'
OS: 'Windows 10 Pro; OS build 19043.1237; Version 2009; 64bit' Language: 'en' Physical Memory: 32726 MB
BatchMode: 1, IsHumanControllingUs: 0, StartBugReporterOnCrash: 0, Is64bit: 1, IsPro: 0

 COMMAND LINE ARGUMENTS:
C:\Program Files\Unity\Hub\Editor\2020.2.2f1\Editor\Unity.exe
-adb2
-batchMode
-noUpm
-name
AssetImportWorker0
-projectPath
E:/GIT/TAFE/NavMesh
-logFile
Logs/AssetImportWorker0.log
-srvPort
59172
Successfully changed project path to: E:/GIT/TAFE/NavMesh
E:/GIT/TAFE/NavMesh
Using Asset Import Pipeline V2.
Refreshing native plugins compatible for Editor in 31.89 ms, found 0 plugins.
Preloading 0 native plugins for Editor in 0.00 ms.
Initialize engine version: 2020.2.2f1 (068178b99f32)
[Subsystems] Discovering subsystems at path C:/Program Files/Unity/Hub/Editor/2020.2.2f1/Editor/Data/Resources/UnitySubsystems
[Subsystems] Discovering subsystems at path E:/GIT/TAFE/NavMesh/Assets
GfxDevice: creating device client; threaded=0
Direct3D:
    Version:  Direct3D 11.0 [level 11.1]
    Renderer: NVIDIA GeForce GTX 1070 (ID=0x1b81)
    Vendor:   
    VRAM:     8088 MB
    Driver:   27.21.14.5671
Initialize mono
Mono path[0] = 'C:/Program Files/Unity/Hub/Editor/2020.2.2f1/Editor/Data/Managed'
Mono path[1] = 'C:/Program Files/Unity/Hub/Editor/2020.2.2f1/Editor/Data/MonoBleedingEdge/lib/mono/unityjit'
Mono config path = 'C:/Program Files/Unity/Hub/Editor/2020.2.2f1/Editor/Data/MonoBleedingEdge/etc'
Using monoOptions --debugger-agent=transport=dt_socket,embedding=1,server=y,suspend=n,address=127.0.0.1:56484
Begin MonoManager ReloadAssembly
Registering precompiled unity dll's ...
Register platform support module: C:/Program Files/Unity/Hub/Editor/2020.2.2f1/Editor/Data/PlaybackEngines/WindowsStandaloneSupport/UnityEditor.WindowsStandalone.Extensions.dll
Registered in 0.001948 seconds.
Native extension for WindowsStandalone target not found
Refreshing native plugins compatible for Editor in 29.03 ms, found 0 plugins.
Preloading 0 native plugins for Editor in 0.00 ms.
Invoked RoslynAnalysisRunner static constructor.
RoslynAnalysisRunner will not be running.
RoslynAnalysisRunner has terminated.
Mono: successfully reloaded assembly
- Completed reload, in  1.300 seconds
Platform modules already initialized, skipping
Registering precompiled user dll's ...
Registered in 0.000897 seconds.
Begin MonoManager ReloadAssembly
Native extension for WindowsStandalone target not found
Refreshing native plugins compatible for Editor in 0.28 ms, found 0 plugins.
Preloading 0 native plugins for Editor in 0.00 ms.
Invoked RoslynAnalysisRunner static constructor.
RoslynAnalysisRunner will not be running.
RoslynAnalysisRunner has terminated.
Mono: successfully reloaded assembly
- Completed reload, in  1.080 seconds
Platform modules already initialized, skipping
========================================================================
Worker process is ready to serve import requests
Launched and connected shader compiler UnityShaderCompiler.exe after 0.05 seconds
Refreshing native plugins compatible for Editor in 0.26 ms, found 0 plugins.
Preloading 0 native plugins for Editor in 0.00 ms.
Unloading 1491 Unused Serialized files (Serialized files now loaded: 0)
System memory in use before: 84.5 MB.
System memory in use after: 84.5 MB.

Unloading 72 unused Assets to reduce memory usage. Loaded Objects now: 1941.
Total: 2.634000 ms (FindLiveObjects: 0.169400 ms CreateObjectMapping: 0.302500 ms MarkObjects: 1.975700 ms  DeleteObjects: 0.185300 ms)

========================================================================
Received Import Request.
  path: Assets/Examples/Scripts/ClickToMove.cs
  artifactKey: Guid(c9472e73a59274b9b8da79d72004bd8b) Importer(815301076,1909f56bfc062723c751e8b465ee728b)
Start importing Assets/Examples/Scripts/ClickToMove.cs using Guid(c9472e73a59274b9b8da79d72004bd8b) Importer(815301076,1909f56bfc062723c751e8b465ee728b)  -> (artifact id: '2cb36b68c8b9b80dedda65233feb6b82') in 0.050003 seconds
  Import took 0.052850 seconds .

========================================================================
Received Prepare
Registering precompiled user dll's ...
Registered in 0.000721 seconds.
Begin MonoManager ReloadAssembly
Native extension for WindowsStandalone target not found
Refreshing native plugins compatible for Editor in 0.26 ms, found 0 plugins.
Preloading 0 native plugins for Editor in 0.00 ms.
Warning: Annotation not found!
UnityEngine.StackTraceUtility:ExtractStackTrace ()
UnityEditor.ProBuilder.EditorUtility:SetGizmoIconEnabled (System.Type,bool) (at Library/PackageCache/com.unity.probuilder@4.4.0/Editor/EditorCore/EditorUtility.cs:593)
UnityEditor.ProBuilder.HierarchyListener:.cctor () (at Library/PackageCache/com.unity.probuilder@4.4.0/Editor/EditorCore/HierarchyListener.cs:21)
System.Runtime.CompilerServices.RuntimeHelpers:RunClassConstructor (System.RuntimeTypeHandle)
UnityEditor.EditorAssemblies:ProcessInitializeOnLoadAttributes (System.Type[])

[Library/PackageCache/com.unity.probuilder@4.4.0/Editor/EditorCore/EditorUtility.cs line 593]

Invoked RoslynAnalysisRunner static constructor.
RoslynAnalysisRunner will not be running.
RoslynAnalysisRunner has terminated.
Mono: successfully reloaded assembly
- Completed reload, in  1.009 seconds
Platform modules already initialized, skipping
Refreshing native plugins compatible for Editor in 0.26 ms, found 0 plugins.
Preloading 0 native plugins for Editor in 0.00 ms.
Unloading 1457 Unused Serialized files (Serialized files now loaded: 0)
System memory in use before: 82.9 MB.
System memory in use after: 83.0 MB.

Unloading 5 unused Assets to reduce memory usage. Loaded Objects now: 1943.
Total: 2.295400 ms (FindLiveObjects: 0.151300 ms CreateObjectMapping: 0.048200 ms MarkObjects: 2.020400 ms  DeleteObjects: 0.074000 ms)

========================================================================
Received Prepare
Registering precompiled user dll's ...
Registered in 0.000626 seconds.
Begin MonoManager ReloadAssembly
Native extension for WindowsStandalone target not found
Refreshing native plugins compatible for Editor in 0.34 ms, found 0 plugins.
Preloading 0 native plugins for Editor in 0.00 ms.
Warning: Annotation not found!
UnityEngine.StackTraceUtility:ExtractStackTrace ()
UnityEditor.ProBuilder.EditorUtility:SetGizmoIconEnabled (System.Type,bool) (at Library/PackageCache/com.unity.probuilder@4.4.0/Editor/EditorCore/EditorUtility.cs:593)
UnityEditor.ProBuilder.HierarchyListener:.cctor () (at Library/PackageCache/com.unity.probuilder@4.4.0/Editor/EditorCore/HierarchyListener.cs:21)
System.Runtime.CompilerServices.RuntimeHelpers:RunClassConstructor (System.RuntimeTypeHandle)
UnityEditor.EditorAssemblies:ProcessInitializeOnLoadAttributes (System.Type[])

[Library/PackageCache/com.unity.probuilder@4.4.0/Editor/EditorCore/EditorUtility.cs line 593]

Invoked RoslynAnalysisRunner static constructor.
RoslynAnalysisRunner will not be running.
RoslynAnalysisRunner has terminated.
Mono: successfully reloaded assembly
- Completed reload, in  1.242 seconds
Platform modules already initialized, skipping
Refreshing native plugins compatible for Editor in 0.31 ms, found 0 plugins.
Preloading 0 native plugins for Editor in 0.00 ms.
Unloading 1457 Unused Serialized files (Serialized files now loaded: 0)
System memory in use before: 83.5 MB.
System memory in use after: 83.6 MB.

Unloading 5 unused Assets to reduce memory usage. Loaded Objects now: 1945.
Total: 2.427300 ms (FindLiveObjects: 0.318400 ms CreateObjectMapping: 0.058900 ms MarkObjects: 1.981100 ms  DeleteObjects: 0.067700 ms)

========================================================================
Received Prepare
Registering precompiled user dll's ...
Registered in 0.000761 seconds.
Begin MonoManager ReloadAssembly
Native extension for WindowsStandalone target not found
Refreshing native plugins compatible for Editor in 0.40 ms, found 0 plugins.
Preloading 0 native plugins for Editor in 0.00 ms.
Warning: Annotation not found!
UnityEngine.StackTraceUtility:ExtractStackTrace ()
UnityEditor.ProBuilder.EditorUtility:SetGizmoIconEnabled (System.Type,bool) (at Library/PackageCache/com.unity.probuilder@4.4.0/Editor/EditorCore/EditorUtility.cs:593)
UnityEditor.ProBuilder.HierarchyListener:.cctor () (at Library/PackageCache/com.unity.probuilder@4.4.0/Editor/EditorCore/HierarchyListener.cs:21)
System.Runtime.CompilerServices.RuntimeHelpers:RunClassConstructor (System.RuntimeTypeHandle)
UnityEditor.EditorAssemblies:ProcessInitializeOnLoadAttributes (System.Type[])

[Library/PackageCache/com.unity.probuilder@4.4.0/Editor/EditorCore/EditorUtility.cs line 593]

Invoked RoslynAnalysisRunner static constructor.
RoslynAnalysisRunner will not be running.
RoslynAnalysisRunner has terminated.
Mono: successfully reloaded assembly
- Completed reload, in  0.892 seconds
Platform modules already initialized, skipping
Refreshing native plugins compatible for Editor in 0.28 ms, found 0 plugins.
Preloading 0 native plugins for Editor in 0.00 ms.
Unloading 1457 Unused Serialized files (Serialized files now loaded: 0)
System memory in use before: 83.9 MB.
System memory in use after: 84.0 MB.

Unloading 5 unused Assets to reduce memory usage. Loaded Objects now: 1947.
Total: 2.301800 ms (FindLiveObjects: 0.190200 ms CreateObjectMapping: 0.042100 ms MarkObjects: 1.969100 ms  DeleteObjects: 0.099400 ms)

========================================================================
Received Prepare
Registering precompiled user dll's ...
Registered in 0.000618 seconds.
Begin MonoManager ReloadAssembly
Native extension for WindowsStandalone target not found
Refreshing native plugins compatible for Editor in 0.26 ms, found 0 plugins.
Preloading 0 native plugins for Editor in 0.00 ms.
Warning: Annotation not found!
UnityEngine.StackTraceUtility:ExtractStackTrace ()
UnityEditor.ProBuilder.EditorUtility:SetGizmoIconEnabled (System.Type,bool) (at Library/PackageCache/com.unity.probuilder@4.4.0/Editor/EditorCore/EditorUtility.cs:593)
UnityEditor.ProBuilder.HierarchyListener:.cctor () (at Library/PackageCache/com.unity.probuilder@4.4.0/Editor/EditorCore/HierarchyListener.cs:21)
System.Runtime.CompilerServices.RuntimeHelpers:RunClassConstructor (System.RuntimeTypeHandle)
UnityEditor.EditorAssemblies:ProcessInitializeOnLoadAttributes (System.Type[])

[Library/PackageCache/com.unity.probuilder@4.4.0/Editor/EditorCore/EditorUtility.cs line 593]

Invoked RoslynAnalysisRunner static constructor.
RoslynAnalysisRunner will not be running.
RoslynAnalysisRunner has terminated.
Mono: successfully reloaded assembly
- Completed reload, in  1.022 seconds
Platform modules already initialized, skipping
Refreshing native plugins compatible for Editor in 0.27 ms, found 0 plugins.
Preloading 0 native plugins for Editor in 0.00 ms.
Unloading 1457 Unused Serialized files (Serialized files now loaded: 0)
System memory in use before: 83.6 MB.
System memory in use after: 83.6 MB.

Unloading 5 unused Assets to reduce memory usage. Loaded Objects now: 1949.
Total: 2.106300 ms (FindLiveObjects: 0.229800 ms CreateObjectMapping: 0.071400 ms MarkObjects: 1.734900 ms  DeleteObjects: 0.069000 ms)

========================================================================
Received Prepare
Registering precompiled user dll's ...
Registered in 0.000692 seconds.
Begin MonoManager ReloadAssembly
Native extension for WindowsStandalone target not found
Refreshing native plugins compatible for Editor in 0.26 ms, found 0 plugins.
Preloading 0 native plugins for Editor in 0.00 ms.
Warning: Annotation not found!
UnityEngine.StackTraceUtility:ExtractStackTrace ()
UnityEditor.ProBuilder.EditorUtility:SetGizmoIconEnabled (System.Type,bool) (at Library/PackageCache/com.unity.probuilder@4.4.0/Editor/EditorCore/EditorUtility.cs:593)
UnityEditor.ProBuilder.HierarchyListener:.cctor () (at Library/PackageCache/com.unity.probuilder@4.4.0/Editor/EditorCore/HierarchyListener.cs:21)
System.Runtime.CompilerServices.RuntimeHelpers:RunClassConstructor (System.RuntimeTypeHandle)
UnityEditor.EditorAssemblies:ProcessInitializeOnLoadAttributes (System.Type[])

[Library/PackageCache/com.unity.probuilder@4.4.0/Editor/EditorCore/EditorUtility.cs line 593]

Invoked RoslynAnalysisRunner static constructor.
RoslynAnalysisRunner will not be running.
RoslynAnalysisRunner has terminated.
Mono: successfully reloaded assembly
- Completed reload, in  0.987 seconds
Platform modules already initialized, skipping
Refreshing native plugins compatible for Editor in 0.27 ms, found 0 plugins.
Preloading 0 native plugins for Editor in 0.00 ms.
Unloading 1457 Unused Serialized files (Serialized files now loaded: 0)
System memory in use before: 83.9 MB.
System memory in use after: 84.0 MB.

Unloading 5 unused Assets to reduce memory usage. Loaded Objects now: 1951.
Total: 2.208700 ms (FindLiveObjects: 0.180700 ms CreateObjectMapping: 0.065900 ms MarkObjects: 1.858800 ms  DeleteObjects: 0.101700 ms)

========================================================================
Received Prepare
Registering precompiled user dll's ...
Registered in 0.000743 seconds.
Begin MonoManager ReloadAssembly
Native extension for WindowsStandalone target not found
Refreshing native plugins compatible for Editor in 0.33 ms, found 0 plugins.
Preloading 0 native plugins for Editor in 0.00 ms.
Warning: Annotation not found!
UnityEngine.StackTraceUtility:ExtractStackTrace ()
UnityEditor.ProBuilder.EditorUtility:SetGizmoIconEnabled (System.Type,bool) (at Library/PackageCache/com.unity.probuilder@4.4.0/Editor/EditorCore/EditorUtility.cs:593)
UnityEditor.ProBuilder.HierarchyListener:.cctor () (at Library/PackageCache/com.unity.probuilder@4.4.0/Editor/EditorCore/HierarchyListener.cs:21)
System.Runtime.CompilerServices.RuntimeHelpers:RunClassConstructor (System.RuntimeTypeHandle)
UnityEditor.EditorAssemblies:ProcessInitializeOnLoadAttributes (System.Type[])

[Library/PackageCache/com.unity.probuilder@4.4.0/Editor/EditorCore/EditorUtility.cs line 593]

Invoked RoslynAnalysisRunner static constructor.
RoslynAnalysisRunner will not be running.
RoslynAnalysisRunner has terminated.
Mono: successfully reloaded assembly
- Completed reload, in  1.118 seconds
Platform modules already initialized, skipping
Refreshing native plugins compatible for Editor in 0.29 ms, found 0 plugins.
Preloading 0 native plugins for Editor in 0.00 ms.
Unloading 1457 Unused Serialized files (Serialized files now loaded: 0)
System memory in use before: 83.6 MB.
System memory in use after: 83.7 MB.

Unloading 5 unused Assets to reduce memory usage. Loaded Objects now: 1953.
Total: 2.387800 ms (FindLiveObjects: 0.246200 ms CreateObjectMapping: 0.093700 ms MarkObjects: 1.966000 ms  DeleteObjects: 0.080000 ms)

========================================================================
Received Prepare
Registering precompiled user dll's ...
Registered in 0.000790 seconds.
Begin MonoManager ReloadAssembly
Native extension for WindowsStandalone target not found
Refreshing native plugins compatible for Editor in 0.41 ms, found 0 plugins.
Preloading 0 native plugins for Editor in 0.00 ms.
Warning: Annotation not found!
UnityEngine.StackTraceUtility:ExtractStackTrace ()
UnityEditor.ProBuilder.EditorUtility:SetGizmoIconEnabled (System.Type,bool) (at Library/PackageCache/com.unity.probuilder@4.4.0/Editor/EditorCore/EditorUtility.cs:593)
UnityEditor.ProBuilder.HierarchyListener:.cctor () (at Library/PackageCache/com.unity.probuilder@4.4.0/Editor/EditorCore/HierarchyListener.cs:21)
System.Runtime.CompilerServices.RuntimeHelpers:RunClassConstructor (System.RuntimeTypeHandle)
UnityEditor.EditorAssemblies:ProcessInitializeOnLoadAttributes (System.Type[])

[Library/PackageCache/com.unity.probuilder@4.4.0/Editor/EditorCore/EditorUtility.cs line 593]

Invoked RoslynAnalysisRunner static constructor.
RoslynAnalysisRunner will not be running.
RoslynAnalysisRunner has terminated.
Mono: successfully reloaded assembly
- Completed reload, in  1.622 seconds
Platform modules already initialized, skipping
Refreshing native plugins compatible for Editor in 0.26 ms, found 0 plugins.
Preloading 0 native plugins for Editor in 0.00 ms.
Unloading 1457 Unused Serialized files (Serialized files now loaded: 0)
System memory in use before: 84.0 MB.
System memory in use after: 84.0 MB.

Unloading 5 unused Assets to reduce memory usage. Loaded Objects now: 1955.
Total: 2.921000 ms (FindLiveObjects: 0.164900 ms CreateObjectMapping: 0.091100 ms MarkObjects: 2.577600 ms  DeleteObjects: 0.085700 ms)

========================================================================
Received Import Request.
  Time since last request: 3775.041737 seconds.
  path: Assets/Animations
  artifactKey: Guid(c5826b96deb744541b3fa5dd947abf5a) Importer(815301076,1909f56bfc062723c751e8b465ee728b)
Start importing Assets/Animations using Guid(c5826b96deb744541b3fa5dd947abf5a) Importer(815301076,1909f56bfc062723c751e8b465ee728b)  -> (artifact id: 'ebee033617535152eb94dd0f847a12b6') in 0.022951 seconds
  Import took 0.026177 seconds .

========================================================================
Received Import Request.
  Time since last request: 4.906023 seconds.
  path: Assets/Animations/Mixamo_POLYGON_Guy_Naked@Sleeping Idle@Walking.fbx
  artifactKey: Guid(bf5c25d0d3b18d046a9c0f905ebe80a1) Importer(815301076,1909f56bfc062723c751e8b465ee728b)
Start importing Assets/Animations/Mixamo_POLYGON_Guy_Naked@Sleeping Idle@Walking.fbx using Guid(bf5c25d0d3b18d046a9c0f905ebe80a1) Importer(815301076,1909f56bfc062723c751e8b465ee728b)  -> (artifact id: '00e3ab1f006f7036fd0504d03b0bf7c1') in 0.275878 seconds
  Import took 0.279506 seconds .

========================================================================
Received Import Request.
  Time since last request: 94.832392 seconds.
  path: Assets/Animations/Mixamo_POLYGON_Guy_Naked@Sleeping Idle@Walking.controller
  artifactKey: Guid(8a7bf64fd2a5cbe449fca41084bfd4a3) Importer(815301076,1909f56bfc062723c751e8b465ee728b)
Start importing Assets/Animations/Mixamo_POLYGON_Guy_Naked@Sleeping Idle@Walking.controller using Guid(8a7bf64fd2a5cbe449fca41084bfd4a3) Importer(815301076,1909f56bfc062723c751e8b465ee728b)  -> (artifact id: 'cbd957dad63b373595aaf75e32efada4') in 0.025805 seconds
  Import took 0.028559 seconds .

========================================================================
Received Prepare
Registering precompiled user dll's ...
Registered in 0.000678 seconds.
Begin MonoManager ReloadAssembly
Native extension for WindowsStandalone target not found
Refreshing native plugins compatible for Editor in 0.27 ms, found 0 plugins.
Preloading 0 native plugins for Editor in 0.00 ms.
Warning: Annotation not found!
UnityEngine.StackTraceUtility:ExtractStackTrace ()
UnityEditor.ProBuilder.EditorUtility:SetGizmoIconEnabled (System.Type,bool) (at Library/PackageCache/com.unity.probuilder@4.4.0/Editor/EditorCore/EditorUtility.cs:593)
UnityEditor.ProBuilder.HierarchyListener:.cctor () (at Library/PackageCache/com.unity.probuilder@4.4.0/Editor/EditorCore/HierarchyListener.cs:21)
System.Runtime.CompilerServices.RuntimeHelpers:RunClassConstructor (System.RuntimeTypeHandle)
UnityEditor.EditorAssemblies:ProcessInitializeOnLoadAttributes (System.Type[])

[Library/PackageCache/com.unity.probuilder@4.4.0/Editor/EditorCore/EditorUtility.cs line 593]

Invoked RoslynAnalysisRunner static constructor.
RoslynAnalysisRunner will not be running.
RoslynAnalysisRunner has terminated.
Mono: successfully reloaded assembly
- Completed reload, in  1.205 seconds
Platform modules already initialized, skipping
Refreshing native plugins compatible for Editor in 0.31 ms, found 0 plugins.
Preloading 0 native plugins for Editor in 0.00 ms.
Unloading 1457 Unused Serialized files (Serialized files now loaded: 0)
System memory in use before: 97.8 MB.
System memory in use after: 97.9 MB.

Unloading 5 unused Assets to reduce memory usage. Loaded Objects now: 2001.
Total: 2.019100 ms (FindLiveObjects: 0.172800 ms CreateObjectMapping: 0.063200 ms MarkObjects: 1.710100 ms  DeleteObjects: 0.071800 ms)

========================================================================
Received Import Request.
  Time since last request: 1458.312481 seconds.
  path: Assets/Animations/mutant@Walking.fbx
  artifactKey: Guid(f1d5aa4c2ee36cf41bc271b6c701fe23) Importer(815301076,1909f56bfc062723c751e8b465ee728b)
Start importing Assets/Animations/mutant@Walking.fbx using Guid(f1d5aa4c2ee36cf41bc271b6c701fe23) Importer(815301076,1909f56bfc062723c751e8b465ee728b)  -> (artifact id: '33bc52b0746307c3bc6419618f047aa9') in 0.716702 seconds
  Import took 0.722669 seconds .

========================================================================
Received Import Request.
  Time since last request: 157.573072 seconds.
  path: Assets/Animations/mutant@Walking.fbx
  artifactKey: Guid(f1d5aa4c2ee36cf41bc271b6c701fe23) Importer(815301076,1909f56bfc062723c751e8b465ee728b)
Start importing Assets/Animations/mutant@Walking.fbx using Guid(f1d5aa4c2ee36cf41bc271b6c701fe23) Importer(815301076,1909f56bfc062723c751e8b465ee728b)  -> (artifact id: '55c8418b21675610283cb4429c738bf0') in 0.049016 seconds
  Import took 0.052412 seconds .

========================================================================
Received Import Request.
  Time since last request: 6.131116 seconds.
  path: Assets/Animations/mutant@Walking.fbx
  artifactKey: Guid(f1d5aa4c2ee36cf41bc271b6c701fe23) Importer(815301076,1909f56bfc062723c751e8b465ee728b)
Start importing Assets/Animations/mutant@Walking.fbx using Guid(f1d5aa4c2ee36cf41bc271b6c701fe23) Importer(815301076,1909f56bfc062723c751e8b465ee728b)  -> (artifact id: '16654ca26f0071cbe2dbfc561d924f26') in 0.089732 seconds
  Import took 0.095151 seconds .

========================================================================
Received Import Request.
  Time since last request: 24.860821 seconds.
  path: Assets/Animations/mutant@Walking.fbx
  artifactKey: Guid(f1d5aa4c2ee36cf41bc271b6c701fe23) Importer(815301076,1909f56bfc062723c751e8b465ee728b)
Start importing Assets/Animations/mutant@Walking.fbx using Guid(f1d5aa4c2ee36cf41bc271b6c701fe23) Importer(815301076,1909f56bfc062723c751e8b465ee728b)  -> (artifact id: 'abe89d71f63e512dd5b7f768b0655534') in 0.060233 seconds
  Import took 0.065242 seconds .

========================================================================
Received Import Request.
  Time since last request: 105.243175 seconds.
  path: Assets/Animations/mutant@Walking.fbx
  artifactKey: Guid(f1d5aa4c2ee36cf41bc271b6c701fe23) Importer(815301076,1909f56bfc062723c751e8b465ee728b)
Start importing Assets/Animations/mutant@Walking.fbx using Guid(f1d5aa4c2ee36cf41bc271b6c701fe23) Importer(815301076,1909f56bfc062723c751e8b465ee728b)  -> (artifact id: 'd07a19a0c2a590bdf1334af60ab913b4') in 0.068804 seconds
  Import took 0.077718 seconds .

========================================================================
Received Import Request.
  Time since last request: 107.007665 seconds.
  path: Assets/Animations/mutant@Walking.fbx
  artifactKey: Guid(f1d5aa4c2ee36cf41bc271b6c701fe23) Importer(815301076,1909f56bfc062723c751e8b465ee728b)
Start importing Assets/Animations/mutant@Walking.fbx using Guid(f1d5aa4c2ee36cf41bc271b6c701fe23) Importer(815301076,1909f56bfc062723c751e8b465ee728b)  -> (artifact id: '22802a0cb099cf251bd51c4515520f5a') in 0.069367 seconds
  Import took 0.074644 seconds .

========================================================================
Received Import Request.
  Time since last request: 101.768359 seconds.
  path: Assets/Animations/mutant@Walking.fbx
  artifactKey: Guid(f1d5aa4c2ee36cf41bc271b6c701fe23) Importer(815301076,1909f56bfc062723c751e8b465ee728b)
Start importing Assets/Animations/mutant@Walking.fbx using Guid(f1d5aa4c2ee36cf41bc271b6c701fe23) Importer(815301076,1909f56bfc062723c751e8b465ee728b)  -> (artifact id: 'ea7dfda5b828e0c61a4fe7d73d9657db') in 0.066072 seconds
  Import took 0.069895 seconds .

========================================================================
Received Import Request.
  Time since last request: 56.127324 seconds.
  path: Assets/Animations/mutant@Walking.fbx
  artifactKey: Guid(f1d5aa4c2ee36cf41bc271b6c701fe23) Importer(815301076,1909f56bfc062723c751e8b465ee728b)
Start importing Assets/Animations/mutant@Walking.fbx using Guid(f1d5aa4c2ee36cf41bc271b6c701fe23) Importer(815301076,1909f56bfc062723c751e8b465ee728b)  -> (artifact id: '15924a1f4dc92dd60ee551c08918d2bd') in 0.084938 seconds
  Import took 0.094552 seconds .

========================================================================
Received Import Request.
  Time since last request: 0.000381 seconds.
  path: Assets/Animations/mutant@Walking.fbx
  artifactKey: Guid(f1d5aa4c2ee36cf41bc271b6c701fe23) Importer(815301076,1909f56bfc062723c751e8b465ee728b)
Start importing Assets/Animations/mutant@Walking.fbx using Guid(f1d5aa4c2ee36cf41bc271b6c701fe23) Importer(815301076,1909f56bfc062723c751e8b465ee728b)  -> (artifact id: '15924a1f4dc92dd60ee551c08918d2bd') in 0.090980 seconds
  Import took 0.097718 seconds .

========================================================================
Received Import Request.
  Time since last request: 9.402599 seconds.
  path: Assets/Animations/Mixamo_POLYGON_Guy_Naked@Sleeping Idle@Walking.fbx
  artifactKey: Guid(bf5c25d0d3b18d046a9c0f905ebe80a1) Importer(815301076,1909f56bfc062723c751e8b465ee728b)
Start importing Assets/Animations/Mixamo_POLYGON_Guy_Naked@Sleeping Idle@Walking.fbx using Guid(bf5c25d0d3b18d046a9c0f905ebe80a1) Importer(815301076,1909f56bfc062723c751e8b465ee728b)  -> (artifact id: 'c1e6a47d8254f48683aba73109c2eaa9') in 0.063398 seconds
  Import took 0.070554 seconds .

========================================================================
Received Import Request.
  Time since last request: 202.008451 seconds.
  path: Assets/Animations/Mixamo_POLYGON_Guy_Naked@Sleeping Idle@Walking.fbx
  artifactKey: Guid(bf5c25d0d3b18d046a9c0f905ebe80a1) Importer(815301076,1909f56bfc062723c751e8b465ee728b)
Start importing Assets/Animations/Mixamo_POLYGON_Guy_Naked@Sleeping Idle@Walking.fbx using Guid(bf5c25d0d3b18d046a9c0f905ebe80a1) Importer(815301076,1909f56bfc062723c751e8b465ee728b)  -> (artifact id: '8baaf5d67f29042de28c3883deeb860a') in 0.083001 seconds
  Import took 0.097847 seconds .

========================================================================
Received Import Request.
  Time since last request: 47.383439 seconds.
  path: Assets/Animations/Mixamo_POLYGON_Guy_Naked@Sleeping Idle@Walking.fbx
  artifactKey: Guid(bf5c25d0d3b18d046a9c0f905ebe80a1) Importer(815301076,1909f56bfc062723c751e8b465ee728b)
Start importing Assets/Animations/Mixamo_POLYGON_Guy_Naked@Sleeping Idle@Walking.fbx using Guid(bf5c25d0d3b18d046a9c0f905ebe80a1) Importer(815301076,1909f56bfc062723c751e8b465ee728b)  -> (artifact id: '0445edfaf94573e2de482838949ede32') in 0.095455 seconds
  Import took 0.103925 seconds .

========================================================================
Received Import Request.
  Time since last request: 85.335007 seconds.
  path: Assets/Animations/mutant@Walking.fbx
  artifactKey: Guid(f1d5aa4c2ee36cf41bc271b6c701fe23) Importer(815301076,1909f56bfc062723c751e8b465ee728b)
Start importing Assets/Animations/mutant@Walking.fbx using Guid(f1d5aa4c2ee36cf41bc271b6c701fe23) Importer(815301076,1909f56bfc062723c751e8b465ee728b)  -> (artifact id: '4b72e131fae977e3e82374e5d9588269') in 0.176828 seconds
  Import took 0.186973 seconds .

========================================================================
Received Import Request.
  Time since last request: 0.000098 seconds.
  path: Assets/Animations/Mutant_diffuse.png
  artifactKey: Guid(4a201a643ea6379469a2842e7207f94d) Importer(815301076,1909f56bfc062723c751e8b465ee728b)
Start importing Assets/Animations/Mutant_diffuse.png using Guid(4a201a643ea6379469a2842e7207f94d) Importer(815301076,1909f56bfc062723c751e8b465ee728b)  -> (artifact id: 'b5231381ea9dcb70df23af517a901dda') in 0.110742 seconds
  Import took 0.113770 seconds .

========================================================================
Received Import Request.
  Time since last request: 0.000175 seconds.
  path: Assets/Animations/Mutant_normal.png
  artifactKey: Guid(aaa79e8508b54ac43b65e6bb1ff78508) Importer(815301076,1909f56bfc062723c751e8b465ee728b)
Start importing Assets/Animations/Mutant_normal.png using Guid(aaa79e8508b54ac43b65e6bb1ff78508) Importer(815301076,1909f56bfc062723c751e8b465ee728b)  -> (artifact id: '9eed9af53f5c260007ec9053f69f930e') in 0.140971 seconds
  Import took 0.150720 seconds .

========================================================================
Received Import Request.
  Time since last request: 68.953828 seconds.
  path: Assets/Animations/Mutant_normal.png
  artifactKey: Guid(aaa79e8508b54ac43b65e6bb1ff78508) Importer(815301076,1909f56bfc062723c751e8b465ee728b)
Start importing Assets/Animations/Mutant_normal.png using Guid(aaa79e8508b54ac43b65e6bb1ff78508) Importer(815301076,1909f56bfc062723c751e8b465ee728b)  -> (artifact id: 'fa072575a0d4304404d92c136c9931fd') in 0.081973 seconds
  Import took 0.090979 seconds .

========================================================================
Received Import Request.
  Time since last request: 111.688476 seconds.
  path: Assets/Animations/mutant@Walking.fbx
  artifactKey: Guid(f1d5aa4c2ee36cf41bc271b6c701fe23) Importer(815301076,1909f56bfc062723c751e8b465ee728b)
Start importing Assets/Animations/mutant@Walking.fbx using Guid(f1d5aa4c2ee36cf41bc271b6c701fe23) Importer(815301076,1909f56bfc062723c751e8b465ee728b)  -> (artifact id: '43f1d97b5175764f7e9f26bdba8774a5') in 0.062256 seconds
  Import took 0.070571 seconds .

========================================================================
Received Import Request.
  Time since last request: 0.000184 seconds.
  path: Assets/Animations/mutant_M.mat
  artifactKey: Guid(f956204cbf4647045922605c566e773f) Importer(815301076,1909f56bfc062723c751e8b465ee728b)
Start importing Assets/Animations/mutant_M.mat using Guid(f956204cbf4647045922605c566e773f) Importer(815301076,1909f56bfc062723c751e8b465ee728b)  -> (artifact id: 'cbb3f983265f4541817ddd4b2314c28a') in 0.053075 seconds
  Import took 0.059373 seconds .

========================================================================
Received Import Request.
  Time since last request: 306.242693 seconds.
  path: Assets/Animations/mutant@Walking.prefab
  artifactKey: Guid(7b8c2b9fcc0327746b76e08418dd821a) Importer(815301076,1909f56bfc062723c751e8b465ee728b)
Start importing Assets/Animations/mutant@Walking.prefab using Guid(7b8c2b9fcc0327746b76e08418dd821a) Importer(815301076,1909f56bfc062723c751e8b465ee728b)  -> (artifact id: 'ce6fb4c2985cc83e0a0ebd8345f75b19') in 0.080048 seconds
  Import took 0.088894 seconds .

========================================================================
Received Import Request.
  Time since last request: 24.119416 seconds.
  path: Assets/Animations/mutant@Walking.prefab
  artifactKey: Guid(7b8c2b9fcc0327746b76e08418dd821a) Importer(815301076,1909f56bfc062723c751e8b465ee728b)
Start importing Assets/Animations/mutant@Walking.prefab using Guid(7b8c2b9fcc0327746b76e08418dd821a) Importer(815301076,1909f56bfc062723c751e8b465ee728b)  -> (artifact id: '7412c390fe7baf01a8c4f1f760a0ecba') in 0.051895 seconds
  Import took 0.060600 seconds .

========================================================================
Received Import Request.
  Time since last request: 131.587586 seconds.
  path: Assets/Animations/Walking Controller.controller
  artifactKey: Guid(ec3b6e9541a806341ac03c62fb4fc9fd) Importer(815301076,1909f56bfc062723c751e8b465ee728b)
Start importing Assets/Animations/Walking Controller.controller using Guid(ec3b6e9541a806341ac03c62fb4fc9fd) Importer(815301076,1909f56bfc062723c751e8b465ee728b)  -> (artifact id: '773c44e9af5629cbaad0f3d37d228821') in 0.012726 seconds
  Import took 0.020491 seconds .

========================================================================
Received Import Request.
  Time since last request: 6.140407 seconds.
  path: Assets/Animations/mutant_M.mat
  artifactKey: Guid(f956204cbf4647045922605c566e773f) Importer(815301076,1909f56bfc062723c751e8b465ee728b)
Start importing Assets/Animations/mutant_M.mat using Guid(f956204cbf4647045922605c566e773f) Importer(815301076,1909f56bfc062723c751e8b465ee728b)  -> (artifact id: '28f0debd1f147e00c9c47ba16410c9bb') in 0.041005 seconds
  Import took 0.061736 seconds .

========================================================================
Received Import Request.
  Time since last request: 196.113075 seconds.
  path: Assets/Animations/Walking Controller.controller
  artifactKey: Guid(ec3b6e9541a806341ac03c62fb4fc9fd) Importer(815301076,1909f56bfc062723c751e8b465ee728b)
Start importing Assets/Animations/Walking Controller.controller using Guid(ec3b6e9541a806341ac03c62fb4fc9fd) Importer(815301076,1909f56bfc062723c751e8b465ee728b)  -> (artifact id: 'c85fba6636f936ed9f9ec32e858c394c') in 0.005476 seconds
  Import took 0.008892 seconds .

========================================================================
Received Prepare
Registering precompiled user dll's ...
Registered in 0.000725 seconds.
Begin MonoManager ReloadAssembly
Native extension for WindowsStandalone target not found
Refreshing native plugins compatible for Editor in 0.26 ms, found 0 plugins.
Preloading 0 native plugins for Editor in 0.00 ms.
Warning: Annotation not found!
UnityEngine.StackTraceUtility:ExtractStackTrace ()
UnityEditor.ProBuilder.EditorUtility:SetGizmoIconEnabled (System.Type,bool) (at Library/PackageCache/com.unity.probuilder@4.4.0/Editor/EditorCore/EditorUtility.cs:593)
UnityEditor.ProBuilder.HierarchyListener:.cctor () (at Library/PackageCache/com.unity.probuilder@4.4.0/Editor/EditorCore/HierarchyListener.cs:21)
System.Runtime.CompilerServices.RuntimeHelpers:RunClassConstructor (System.RuntimeTypeHandle)
UnityEditor.EditorAssemblies:ProcessInitializeOnLoadAttributes (System.Type[])

[Library/PackageCache/com.unity.probuilder@4.4.0/Editor/EditorCore/EditorUtility.cs line 593]

Invoked RoslynAnalysisRunner static constructor.
RoslynAnalysisRunner will not be running.
RoslynAnalysisRunner has terminated.
Mono: successfully reloaded assembly
- Completed reload, in  0.971 seconds
Platform modules already initialized, skipping
Refreshing native plugins compatible for Editor in 0.25 ms, found 0 plugins.
Preloading 0 native plugins for Editor in 0.00 ms.
Unloading 1457 Unused Serialized files (Serialized files now loaded: 0)
System memory in use before: 98.3 MB.
System memory in use after: 98.3 MB.

Unloading 5 unused Assets to reduce memory usage. Loaded Objects now: 2007.
Total: 2.150400 ms (FindLiveObjects: 0.168700 ms CreateObjectMapping: 0.053900 ms MarkObjects: 1.854600 ms  DeleteObjects: 0.072000 ms)

========================================================================
Received Import Request.
  Time since last request: 286.788695 seconds.
  path: Assets/Animations/Walking Controller.controller
  artifactKey: Guid(ec3b6e9541a806341ac03c62fb4fc9fd) Importer(815301076,1909f56bfc062723c751e8b465ee728b)
Start importing Assets/Animations/Walking Controller.controller using Guid(ec3b6e9541a806341ac03c62fb4fc9fd) Importer(815301076,1909f56bfc062723c751e8b465ee728b)  -> (artifact id: '93fe1bc8e5c6b8def3837169e06184e4') in 0.013179 seconds
  Import took 0.016169 seconds .

========================================================================
Received Prepare
Registering precompiled user dll's ...
Registered in 0.001378 seconds.
Begin MonoManager ReloadAssembly
Native extension for WindowsStandalone target not found
Refreshing native plugins compatible for Editor in 0.48 ms, found 0 plugins.
Preloading 0 native plugins for Editor in 0.00 ms.
Warning: Annotation not found!
UnityEngine.StackTraceUtility:ExtractStackTrace ()
UnityEditor.ProBuilder.EditorUtility:SetGizmoIconEnabled (System.Type,bool) (at Library/PackageCache/com.unity.probuilder@4.4.0/Editor/EditorCore/EditorUtility.cs:593)
UnityEditor.ProBuilder.HierarchyListener:.cctor () (at Library/PackageCache/com.unity.probuilder@4.4.0/Editor/EditorCore/HierarchyListener.cs:21)
System.Runtime.CompilerServices.RuntimeHelpers:RunClassConstructor (System.RuntimeTypeHandle)
UnityEditor.EditorAssemblies:ProcessInitializeOnLoadAttributes (System.Type[])

[Library/PackageCache/com.unity.probuilder@4.4.0/Editor/EditorCore/EditorUtility.cs line 593]

Invoked RoslynAnalysisRunner static constructor.
RoslynAnalysisRunner will not be running.
RoslynAnalysisRunner has terminated.
Mono: successfully reloaded assembly
- Completed reload, in  1.169 seconds
Platform modules already initialized, skipping
Refreshing native plugins compatible for Editor in 0.26 ms, found 0 plugins.
Preloading 0 native plugins for Editor in 0.00 ms.
Unloading 1457 Unused Serialized files (Serialized files now loaded: 0)
System memory in use before: 98.1 MB.
System memory in use after: 98.2 MB.

Unloading 5 unused Assets to reduce memory usage. Loaded Objects now: 2009.
Total: 4.888800 ms (FindLiveObjects: 0.171300 ms CreateObjectMapping: 0.052700 ms MarkObjects: 4.564300 ms  DeleteObjects: 0.099200 ms)

========================================================================
Received Prepare
Registering precompiled user dll's ...
Registered in 0.000602 seconds.
Begin MonoManager ReloadAssembly
Native extension for WindowsStandalone target not found
Refreshing native plugins compatible for Editor in 0.27 ms, found 0 plugins.
Preloading 0 native plugins for Editor in 0.00 ms.
Warning: Annotation not found!
UnityEngine.StackTraceUtility:ExtractStackTrace ()
UnityEditor.ProBuilder.EditorUtility:SetGizmoIconEnabled (System.Type,bool) (at Library/PackageCache/com.unity.probuilder@4.4.0/Editor/EditorCore/EditorUtility.cs:593)
UnityEditor.ProBuilder.HierarchyListener:.cctor () (at Library/PackageCache/com.unity.probuilder@4.4.0/Editor/EditorCore/HierarchyListener.cs:21)
System.Runtime.CompilerServices.RuntimeHelpers:RunClassConstructor (System.RuntimeTypeHandle)
UnityEditor.EditorAssemblies:ProcessInitializeOnLoadAttributes (System.Type[])

[Library/PackageCache/com.unity.probuilder@4.4.0/Editor/EditorCore/EditorUtility.cs line 593]

Invoked RoslynAnalysisRunner static constructor.
RoslynAnalysisRunner will not be running.
RoslynAnalysisRunner has terminated.
Mono: successfully reloaded assembly
- Completed reload, in  1.073 seconds
Platform modules already initialized, skipping
Refreshing native plugins compatible for Editor in 0.27 ms, found 0 plugins.
Preloading 0 native plugins for Editor in 0.00 ms.
Unloading 1457 Unused Serialized files (Serialized files now loaded: 0)
System memory in use before: 98.3 MB.
System memory in use after: 98.3 MB.

Unloading 5 unused Assets to reduce memory usage. Loaded Objects now: 2011.
Total: 2.238700 ms (FindLiveObjects: 0.159200 ms CreateObjectMapping: 0.048100 ms MarkObjects: 1.941400 ms  DeleteObjects: 0.088600 ms)

========================================================================
Received Import Request.
  Time since last request: 374.128565 seconds.
  path: Assets/Animations/mutant@Breathing Idle.fbx
  artifactKey: Guid(a8a37f7944703224a95554a78976a01c) Importer(815301076,1909f56bfc062723c751e8b465ee728b)
Start importing Assets/Animations/mutant@Breathing Idle.fbx using Guid(a8a37f7944703224a95554a78976a01c) Importer(815301076,1909f56bfc062723c751e8b465ee728b)  -> (artifact id: '32c26fadb9b2fd1c7725608c7d68e93e') in 0.026859 seconds
  Import took 0.029442 seconds .

========================================================================
Received Import Request.
  Time since last request: 11.439417 seconds.
  path: Assets/Animations/mutant@Breathing Idle.fbx
  artifactKey: Guid(a8a37f7944703224a95554a78976a01c) Importer(815301076,1909f56bfc062723c751e8b465ee728b)
Start importing Assets/Animations/mutant@Breathing Idle.fbx using Guid(a8a37f7944703224a95554a78976a01c) Importer(815301076,1909f56bfc062723c751e8b465ee728b)  -> (artifact id: '050d53c83d8d42cade91d907e06688b4') in 0.016232 seconds
  Import took 0.020478 seconds .

========================================================================
Received Import Request.
  Time since last request: 23.661922 seconds.
  path: Assets/Animations/mutant@Breathing Idle.fbx
  artifactKey: Guid(a8a37f7944703224a95554a78976a01c) Importer(815301076,1909f56bfc062723c751e8b465ee728b)
Start importing Assets/Animations/mutant@Breathing Idle.fbx using Guid(a8a37f7944703224a95554a78976a01c) Importer(815301076,1909f56bfc062723c751e8b465ee728b)  -> (artifact id: '95c7aa01ad4769f45f7cc4d661ee26e6') in 0.021492 seconds
  Import took 0.027287 seconds .

========================================================================
Received Prepare
Registering precompiled user dll's ...
Registered in 0.000658 seconds.
Begin MonoManager ReloadAssembly
Native extension for WindowsStandalone target not found
Refreshing native plugins compatible for Editor in 0.28 ms, found 0 plugins.
Preloading 0 native plugins for Editor in 0.00 ms.
Warning: Annotation not found!
UnityEngine.StackTraceUtility:ExtractStackTrace ()
UnityEditor.ProBuilder.EditorUtility:SetGizmoIconEnabled (System.Type,bool) (at Library/PackageCache/com.unity.probuilder@4.4.0/Editor/EditorCore/EditorUtility.cs:593)
UnityEditor.ProBuilder.HierarchyListener:.cctor () (at Library/PackageCache/com.unity.probuilder@4.4.0/Editor/EditorCore/HierarchyListener.cs:21)
System.Runtime.CompilerServices.RuntimeHelpers:RunClassConstructor (System.RuntimeTypeHandle)
UnityEditor.EditorAssemblies:ProcessInitializeOnLoadAttributes (System.Type[])

[Library/PackageCache/com.unity.probuilder@4.4.0/Editor/EditorCore/EditorUtility.cs line 593]

Invoked RoslynAnalysisRunner static constructor.
RoslynAnalysisRunner will not be running.
RoslynAnalysisRunner has terminated.
Mono: successfully reloaded assembly
- Completed reload, in  1.465 seconds
Platform modules already initialized, skipping
Refreshing native plugins compatible for Editor in 0.26 ms, found 0 plugins.
Preloading 0 native plugins for Editor in 0.00 ms.
Unloading 1457 Unused Serialized files (Serialized files now loaded: 0)
System memory in use before: 98.3 MB.
System memory in use after: 98.3 MB.

Unloading 5 unused Assets to reduce memory usage. Loaded Objects now: 2013.
Total: 5.449700 ms (FindLiveObjects: 0.237600 ms CreateObjectMapping: 0.055700 ms MarkObjects: 5.079000 ms  DeleteObjects: 0.076100 ms)

AssetImportWorkerClient::OnTransportError - code=2 error=End of file
